<?xml version="1.0" encoding="UTF-8"?>
<!-- Generated by org.testng.reporters.JUnitXMLReporter -->
<testsuite ignored="0" hostname="Prasannas-MacBook-Pro.local" failures="0" tests="6" name="Default test" time="178.285" errors="0" timestamp="2022-11-17T10:13:28 EST">
  <testcase classname="com.info6255.group4.selenium.AppTest" name="testApp" time="0.009"/>
  <testcase classname="com.info6255.group4.selenium.SeleniumTests" name="scenario1Test" time="32.392"/>
  <testcase classname="com.info6255.group4.selenium.SeleniumTests" name="scenario2Test" time="32.822"/>
  <testcase classname="com.info6255.group4.selenium.SeleniumTests" name="scenario3Test" time="39.997"/>
  <testcase classname="com.info6255.group4.selenium.SeleniumTests" name="scenario4Test" time="25.459"/>
  <testcase classname="com.info6255.group4.selenium.SeleniumTests" name="scenario5Test" time="41.382"/>
</testsuite> <!-- Default test -->
