<?xml version="1.0" encoding="UTF-8"?>
<testng-results ignored="0" total="6" passed="6" failed="0" skipped="0">
  <reporter-output>
  </reporter-output>
  <suite started-at="2022-11-17T10:10:30 EST" name="Default suite" finished-at="2022-11-17T10:13:28 EST" duration-ms="178285">
    <groups>
    </groups>
    <test started-at="2022-11-17T10:10:30 EST" name="Default test" finished-at="2022-11-17T10:13:28 EST" duration-ms="178285">
      <class name="com.info6255.group4.selenium.AppTest">
        <test-method signature="testApp()[pri:0, instance:com.info6255.group4.selenium.AppTest@696da30b]" started-at="2022-11-17T10:10:31 EST" name="testApp" finished-at="2022-11-17T10:10:31 EST" duration-ms="9" status="PASS">
          <reporter-output>
          </reporter-output>
        </test-method> <!-- testApp -->
      </class> <!-- com.info6255.group4.selenium.AppTest -->
      <class name="com.info6255.group4.selenium.SeleniumTests">
        <test-method is-config="true" signature="beforeTest()[pri:0, instance:com.info6255.group4.selenium.SeleniumTests@28f2a10f]" started-at="2022-11-17T10:10:30 EST" name="beforeTest" finished-at="2022-11-17T10:10:31 EST" duration-ms="1311" status="PASS">
          <reporter-output>
          </reporter-output>
        </test-method> <!-- beforeTest -->
        <test-method is-config="true" signature="beforeClass()[pri:0, instance:com.info6255.group4.selenium.SeleniumTests@28f2a10f]" started-at="2022-11-17T10:10:31 EST" name="beforeClass" finished-at="2022-11-17T10:10:31 EST" duration-ms="65" status="PASS">
          <reporter-output>
          </reporter-output>
        </test-method> <!-- beforeClass -->
        <test-method is-config="true" signature="beforeTest()[pri:0, instance:com.info6255.group4.selenium.SeleniumTests@28f2a10f]" started-at="2022-11-17T10:10:31 EST" name="beforeTest" finished-at="2022-11-17T10:10:31 EST" duration-ms="1" status="PASS">
          <reporter-output>
          </reporter-output>
        </test-method> <!-- beforeTest -->
        <test-method signature="scenario1Test()[pri:0, instance:com.info6255.group4.selenium.SeleniumTests@28f2a10f]" started-at="2022-11-17T10:10:31 EST" name="scenario1Test" finished-at="2022-11-17T10:11:03 EST" duration-ms="32392" status="PASS">
          <reporter-output>
          </reporter-output>
        </test-method> <!-- scenario1Test -->
        <test-method is-config="true" signature="afterTest()[pri:0, instance:com.info6255.group4.selenium.SeleniumTests@28f2a10f]" started-at="2022-11-17T10:11:03 EST" name="afterTest" finished-at="2022-11-17T10:11:04 EST" duration-ms="197" status="PASS">
          <reporter-output>
          </reporter-output>
        </test-method> <!-- afterTest -->
        <test-method is-config="true" signature="beforeTest()[pri:0, instance:com.info6255.group4.selenium.SeleniumTests@28f2a10f]" started-at="2022-11-17T10:11:04 EST" name="beforeTest" finished-at="2022-11-17T10:11:05 EST" duration-ms="980" status="PASS">
          <reporter-output>
          </reporter-output>
        </test-method> <!-- beforeTest -->
        <test-method signature="scenario2Test()[pri:1, instance:com.info6255.group4.selenium.SeleniumTests@28f2a10f]" started-at="2022-11-17T10:11:05 EST" name="scenario2Test" finished-at="2022-11-17T10:11:37 EST" duration-ms="32822" status="PASS">
          <reporter-output>
          </reporter-output>
        </test-method> <!-- scenario2Test -->
        <test-method is-config="true" signature="afterTest()[pri:0, instance:com.info6255.group4.selenium.SeleniumTests@28f2a10f]" started-at="2022-11-17T10:11:37 EST" name="afterTest" finished-at="2022-11-17T10:11:38 EST" duration-ms="183" status="PASS">
          <reporter-output>
          </reporter-output>
        </test-method> <!-- afterTest -->
        <test-method is-config="true" signature="beforeTest()[pri:0, instance:com.info6255.group4.selenium.SeleniumTests@28f2a10f]" started-at="2022-11-17T10:11:38 EST" name="beforeTest" finished-at="2022-11-17T10:11:39 EST" duration-ms="959" status="PASS">
          <reporter-output>
          </reporter-output>
        </test-method> <!-- beforeTest -->
        <test-method signature="scenario3Test()[pri:2, instance:com.info6255.group4.selenium.SeleniumTests@28f2a10f]" started-at="2022-11-17T10:11:39 EST" name="scenario3Test" finished-at="2022-11-17T10:12:19 EST" duration-ms="39997" status="PASS">
          <reporter-output>
          </reporter-output>
        </test-method> <!-- scenario3Test -->
        <test-method is-config="true" signature="afterTest()[pri:0, instance:com.info6255.group4.selenium.SeleniumTests@28f2a10f]" started-at="2022-11-17T10:12:19 EST" name="afterTest" finished-at="2022-11-17T10:12:19 EST" duration-ms="193" status="PASS">
          <reporter-output>
          </reporter-output>
        </test-method> <!-- afterTest -->
        <test-method is-config="true" signature="beforeTest()[pri:0, instance:com.info6255.group4.selenium.SeleniumTests@28f2a10f]" started-at="2022-11-17T10:12:19 EST" name="beforeTest" finished-at="2022-11-17T10:12:20 EST" duration-ms="911" status="PASS">
          <reporter-output>
          </reporter-output>
        </test-method> <!-- beforeTest -->
        <test-method signature="scenario4Test()[pri:3, instance:com.info6255.group4.selenium.SeleniumTests@28f2a10f]" started-at="2022-11-17T10:12:20 EST" name="scenario4Test" finished-at="2022-11-17T10:12:45 EST" duration-ms="25459" status="PASS">
          <reporter-output>
          </reporter-output>
        </test-method> <!-- scenario4Test -->
        <test-method is-config="true" signature="afterTest()[pri:0, instance:com.info6255.group4.selenium.SeleniumTests@28f2a10f]" started-at="2022-11-17T10:12:45 EST" name="afterTest" finished-at="2022-11-17T10:12:45 EST" duration-ms="115" status="PASS">
          <reporter-output>
          </reporter-output>
        </test-method> <!-- afterTest -->
        <test-method is-config="true" signature="beforeTest()[pri:0, instance:com.info6255.group4.selenium.SeleniumTests@28f2a10f]" started-at="2022-11-17T10:12:45 EST" name="beforeTest" finished-at="2022-11-17T10:12:46 EST" duration-ms="886" status="PASS">
          <reporter-output>
          </reporter-output>
        </test-method> <!-- beforeTest -->
        <test-method signature="scenario5Test()[pri:4, instance:com.info6255.group4.selenium.SeleniumTests@28f2a10f]" started-at="2022-11-17T10:12:46 EST" name="scenario5Test" finished-at="2022-11-17T10:13:28 EST" duration-ms="41382" status="PASS">
          <reporter-output>
          </reporter-output>
        </test-method> <!-- scenario5Test -->
        <test-method is-config="true" signature="afterTest()[pri:0, instance:com.info6255.group4.selenium.SeleniumTests@28f2a10f]" started-at="2022-11-17T10:13:28 EST" name="afterTest" finished-at="2022-11-17T10:13:28 EST" duration-ms="265" status="PASS">
          <reporter-output>
          </reporter-output>
        </test-method> <!-- afterTest -->
        <test-method is-config="true" signature="afterClass()[pri:0, instance:com.info6255.group4.selenium.SeleniumTests@28f2a10f]" started-at="2022-11-17T10:13:28 EST" name="afterClass" finished-at="2022-11-17T10:13:28 EST" duration-ms="123" status="PASS">
          <reporter-output>
          </reporter-output>
        </test-method> <!-- afterClass -->
        <test-method is-config="true" signature="afterTest()[pri:0, instance:com.info6255.group4.selenium.SeleniumTests@28f2a10f]" started-at="2022-11-17T10:13:28 EST" name="afterTest" finished-at="2022-11-17T10:13:28 EST" duration-ms="0" status="PASS">
          <reporter-output>
          </reporter-output>
        </test-method> <!-- afterTest -->
      </class> <!-- com.info6255.group4.selenium.SeleniumTests -->
    </test> <!-- Default test -->
  </suite> <!-- Default suite -->
</testng-results>
